# JRE version: OpenJDK Runtime Environment (17.0.6) (build 17.0.6+0-b2043.56-10027231)
# Java VM: OpenJDK 64-Bit Server VM (17.0.6+0-b2043.56-10027231, mixed mode, tiered, compressed oops, compressed class ptrs, g1 gc, windows-amd64)
GC Precious Log:
 CPUs: 8 total, 8 available
 Memory: 7888M
 Large Page Support: Disabled
 NUMA Support: Disabled
 Compressed Oops: Enabled (32-bit)
 Heap Region Size: 1M
 Heap Min Capacity: 8M
 Heap Initial Capacity: 124M
 Heap Max Capacity: 2G
 Pre-touch: Disabled
 Parallel Workers: 8
 Concurrent Workers: 2
 Concurrent Refinement Workers: 8
 Periodic GC: Disabled
Heap:
 garbage-first heap   total 150528K, used 92045K [0x0000000080000000, 0x0000000100000000)
  region size 1024K, 4 young (4096K), 4 survivors (4096K)
 Metaspace       used 90612K, committed 91264K, reserved 1130496K
  class space    used 12425K, committed 12736K, reserved 1048576K
GC Heap History (20 events):
Event: 13.954 GC heap after
{Heap after GC invocations=27 (full 0):
 garbage-first heap   total 124928K, used 60864K [0x0000000080000000, 0x0000000100000000)
  region size 1024K, 4 young (4096K), 4 survivors (4096K)
 Metaspace       used 70169K, committed 70784K, reserved 1114112K
  class space    used 9248K, committed 9536K, reserved 1048576K
}
Event: 14.396 GC heap before
{Heap before GC invocations=27 (full 0):
 garbage-first heap   total 124928K, used 85440K [0x0000000080000000, 0x0000000100000000)
  region size 1024K, 29 young (29696K), 4 survivors (4096K)
 Metaspace       used 72219K, committed 72704K, reserved 1114112K
  class space    used 9493K, committed 9728K, reserved 1048576K
}
Event: 14.402 GC heap after
{Heap after GC invocations=28 (full 0):
 garbage-first heap   total 124928K, used 63566K [0x0000000080000000, 0x0000000100000000)
  region size 1024K, 3 young (3072K), 3 survivors (3072K)
 Metaspace       used 72219K, committed 72704K, reserved 1114112K
  class space    used 9493K, committed 9728K, reserved 1048576K
}
Event: 14.820 GC heap before
{Heap before GC invocations=29 (full 0):
 garbage-first heap   total 124928K, used 95310K [0x0000000080000000, 0x0000000100000000)
  region size 1024K, 33 young (33792K), 3 survivors (3072K)
 Metaspace       used 73221K, committed 73792K, reserved 1114112K
  class space    used 9654K, committed 9920K, reserved 1048576K
}
Event: 14.827 GC heap after
{Heap after GC invocations=30 (full 0):
 garbage-first heap   total 124928K, used 65537K [0x0000000080000000, 0x0000000100000000)
  region size 1024K, 5 young (5120K), 5 survivors (5120K)
 Metaspace       used 73221K, committed 73792K, reserved 1114112K
  class space    used 9654K, committed 9920K, reserved 1048576K
}
Event: 15.305 GC heap before
{Heap before GC invocations=30 (full 0):
 garbage-first heap   total 124928K, used 96257K [0x0000000080000000, 0x0000000100000000)
  region size 1024K, 35 young (35840K), 5 survivors (5120K)
 Metaspace       used 75361K, committed 75904K, reserved 1122304K
  class space    used 9973K, committed 10240K, reserved 1048576K
}
Event: 15.313 GC heap after
{Heap after GC invocations=31 (full 0):
 garbage-first heap   total 124928K, used 67756K [0x0000000080000000, 0x0000000100000000)
  region size 1024K, 5 young (5120K), 5 survivors (5120K)
 Metaspace       used 75361K, committed 75904K, reserved 1122304K
  class space    used 9973K, committed 10240K, reserved 1048576K
}
Event: 16.012 GC heap before
{Heap before GC invocations=32 (full 0):
 garbage-first heap   total 124928K, used 97452K [0x0000000080000000, 0x0000000100000000)
  region size 1024K, 34 young (34816K), 5 survivors (5120K)
 Metaspace       used 79007K, committed 79616K, reserved 1122304K
  class space    used 10659K, committed 10944K, reserved 1048576K
}
Event: 16.020 GC heap after
{Heap after GC invocations=33 (full 0):
 garbage-first heap   total 124928K, used 69590K [0x0000000080000000, 0x0000000100000000)
  region size 1024K, 4 young (4096K), 4 survivors (4096K)
 Metaspace       used 79007K, committed 79616K, reserved 1122304K
  class space    used 10659K, committed 10944K, reserved 1048576K
}
Event: 16.042 GC heap before
{Heap before GC invocations=33 (full 0):
 garbage-first heap   total 124928K, used 71638K [0x0000000080000000, 0x0000000100000000)
  region size 1024K, 6 young (6144K), 4 survivors (4096K)
 Metaspace       used 79065K, committed 79680K, reserved 1122304K
  class space    used 10668K, committed 10944K, reserved 1048576K
}
Event: 16.050 GC heap after
{Heap after GC invocations=34 (full 0):
 garbage-first heap   total 150528K, used 69893K [0x0000000080000000, 0x0000000100000000)
  region size 1024K, 1 young (1024K), 1 survivors (1024K)
 Metaspace       used 79065K, committed 79680K, reserved 1122304K
  class space    used 10668K, committed 10944K, reserved 1048576K
}
Event: 17.119 GC heap before
{Heap before GC invocations=34 (full 0):
 garbage-first heap   total 150528K, used 116997K [0x0000000080000000, 0x0000000100000000)
  region size 1024K, 47 young (48128K), 1 survivors (1024K)
 Metaspace       used 84049K, committed 84672K, reserved 1122304K
  class space    used 11442K, committed 11712K, reserved 1048576K
}
Event: 17.129 GC heap after
{Heap after GC invocations=35 (full 0):
 garbage-first heap   total 150528K, used 72557K [0x0000000080000000, 0x0000000100000000)
  region size 1024K, 4 young (4096K), 4 survivors (4096K)
 Metaspace       used 84049K, committed 84672K, reserved 1122304K
  class space    used 11442K, committed 11712K, reserved 1048576K
}
Event: 17.988 GC heap before
{Heap before GC invocations=36 (full 0):
 garbage-first heap   total 150528K, used 117613K [0x0000000080000000, 0x0000000100000000)
  region size 1024K, 48 young (49152K), 4 survivors (4096K)
 Metaspace       used 87686K, committed 88320K, reserved 1130496K
  class space    used 11918K, committed 12224K, reserved 1048576K
}
Event: 18.003 GC heap after
{Heap after GC invocations=37 (full 0):
 garbage-first heap   total 150528K, used 77592K [0x0000000080000000, 0x0000000100000000)
  region size 1024K, 5 young (5120K), 5 survivors (5120K)
 Metaspace       used 87686K, committed 88320K, reserved 1130496K
  class space    used 11918K, committed 12224K, reserved 1048576K
}
Event: 18.525 GC heap before
{Heap before GC invocations=37 (full 0):
 garbage-first heap   total 150528K, used 120600K [0x0000000080000000, 0x0000000100000000)
  region size 1024K, 47 young (48128K), 5 survivors (5120K)
 Metaspace       used 89099K, committed 89792K, reserved 1130496K
  class space    used 12215K, committed 12544K, reserved 1048576K
}
Event: 18.540 GC heap after
{Heap after GC invocations=38 (full 0):
 garbage-first heap   total 150528K, used 83968K [0x0000000080000000, 0x0000000100000000)
  region size 1024K, 6 young (6144K), 6 survivors (6144K)
 Metaspace       used 89099K, committed 89792K, reserved 1130496K
  class space    used 12215K, committed 12544K, reserved 1048576K
}
Event: 19.379 GC heap before
{Heap before GC invocations=38 (full 0):
 garbage-first heap   total 150528K, used 120832K [0x0000000080000000, 0x0000000100000000)
  region size 1024K, 43 young (44032K), 6 survivors (6144K)
 Metaspace       used 90455K, committed 91136K, reserved 1130496K
  class space    used 12425K, committed 12736K, reserved 1048576K
}
Event: 19.394 GC heap after
{Heap after GC invocations=39 (full 0):
 garbage-first heap   total 150528K, used 89833K [0x0000000080000000, 0x0000000100000000)
  region size 1024K, 6 young (6144K), 6 survivors (6144K)
 Metaspace       used 90455K, committed 91136K, reserved 1130496K
  class space    used 12425K, committed 12736K, reserved 1048576K
}
Event: 19.771 GC heap before
{Heap before GC invocations=39 (full 0):
 garbage-first heap   total 150528K, used 120553K [0x0000000080000000, 0x0000000100000000)
  region size 1024K, 37 young (37888K), 6 survivors (6144K)
 Metaspace       used 90612K, committed 91264K, reserved 1130496K
  class space    used 12425K, committed 12736K, reserved 1048576K
}

